<?xml version="1.0" encoding="UTF-8"?>
<!-- Generated by org.testng.reporters.JUnitXMLReporter -->
<testsuite hostname="BLRLRND0442" ignored="0" name="TC01_ItemsList_Validate_the_ability_to_use_items_list_filter_features" tests="5" failures="0" timestamp="2021-06-24T22:22:48 IST" time="22.263" errors="0">
  <testcase name="validateFeatureItemList" time="0.869" classname="com.template.template.TC01_ItemsList_Validate_the_ability_to_use_items_list_filter_features"/>
  <testcase name="selectCitiesFromTheList" time="2.149" classname="com.template.template.TC01_ItemsList_Validate_the_ability_to_use_items_list_filter_features"/>
  <testcase name="selectContinentsFromTheList" time="2.109" classname="com.template.template.TC01_ItemsList_Validate_the_ability_to_use_items_list_filter_features"/>
  <testcase name="selectCountriesFromTheList" time="2.107" classname="com.template.template.TC01_ItemsList_Validate_the_ability_to_use_items_list_filter_features"/>
  <testcase name="selectMoviesFromTheList" time="2.121" classname="com.template.template.TC01_ItemsList_Validate_the_ability_to_use_items_list_filter_features"/>
</testsuite> <!-- TC01_ItemsList_Validate_the_ability_to_use_items_list_filter_features -->
